<?xml version="1.0" encoding="UTF-8"?>
<!-- Generated by org.testng.reporters.JUnitReportReporter -->
<testsuite skipped="0" hostname="ASPIRE-5742" name="utilities.Example8" tests="1" failures="0" timestamp="2022-10-18T17:54:44 IST" time="24.491" errors="0">
  <testcase name="loginLogoutInActitimeApplication" time="24.491" classname="utilities.Example8"/>
  <system-out/>
</testsuite> <!-- utilities.Example8 -->
