<?xml version="1.0" encoding="UTF-8"?>
<!-- Generated by org.testng.reporters.JUnitReportReporter -->
<testsuite skipped="0" hostname="ASPIRE-5742" name="testNg.test3" tests="2" failures="0" timestamp="2022-10-18T12:13:37 IST" time="0.016" errors="0">
  <testcase name="tc4" time="0.001" classname="testNg.test3"/>
  <system-out/>
  <testcase name="tc3" time="0.015" classname="testNg.test3"/>
  <system-out/>
</testsuite> <!-- testNg.test3 -->
