<?xml version="1.0" encoding="UTF-8"?>
<!-- Generated by org.testng.reporters.JUnitReportReporter -->
<testsuite skipped="0" hostname="ASPIRE-5742" name="testNg.TestCase1" tests="1" failures="0" timestamp="2022-10-18T08:29:57 IST" time="0.014" errors="0">
  <testcase name="tc1" time="0.014" classname="testNg.TestCase1"/>
  <system-out/>
</testsuite> <!-- testNg.TestCase1 -->
