<?xml version="1.0" encoding="UTF-8"?>
<!-- Generated by org.testng.reporters.JUnitReportReporter -->
<testsuite skipped="0" hostname="ASPIRE-5742" name="testNg.Example3" tests="1" failures="0" timestamp="2022-10-18T14:58:40 IST" time="2.027" errors="0">
  <testcase name="testCase3" time="2.027" classname="testNg.Example3"/>
  <system-out/>
</testsuite> <!-- testNg.Example3 -->
