<?xml version="1.0" encoding="UTF-8"?>
<!-- Generated by org.testng.reporters.JUnitReportReporter -->
<testsuite skipped="0" hostname="ASPIRE-5742" name="testNg.Example6" tests="2" failures="0" timestamp="2022-10-18T15:31:23 IST" time="0.019" errors="0">
  <testcase name="testCase9" time="0.002" classname="testNg.Example6"/>
  <system-out/>
  <testcase name="testCase8" time="0.017" classname="testNg.Example6"/>
  <system-out/>
</testsuite> <!-- testNg.Example6 -->
