<?xml version="1.0" encoding="UTF-8"?>
<!-- Generated by org.testng.reporters.JUnitReportReporter -->
<testsuite skipped="0" hostname="ASPIRE-5742" name="testNg.Example7" tests="1" failures="0" timestamp="2022-10-18T17:39:06 IST" time="31.907" errors="0">
  <testcase name="loginLogoutInActitime" time="31.907" classname="testNg.Example7"/>
  <system-out/>
</testsuite> <!-- testNg.Example7 -->
