<?xml version="1.0" encoding="UTF-8"?>
<!-- Generated by org.testng.reporters.JUnitReportReporter -->
<testsuite skipped="0" hostname="ASPIRE-5742" name="testNg.Example5" tests="1" failures="0" timestamp="2022-10-18T15:25:56 IST" time="0.014" errors="0">
  <testcase name="testCase6" time="0.014" classname="testNg.Example5"/>
  <system-out/>
</testsuite> <!-- testNg.Example5 -->
